<?xml version="1.0" encoding="UTF-8"?>
<testsuite name="com.thoughtworks.repository.StudentRepositoryTest" tests="2" skipped="0" failures="0" errors="0" timestamp="2015-11-04T07:12:27" hostname="INKomalahl.local" time="0.002">
  <properties/>
  <testcase name="shouldBeAbleToSearchStudentByID" classname="com.thoughtworks.repository.StudentRepositoryTest" time="0.001"/>
  <testcase name="shouldBeAbleToThrowAnErrorWhileSearchingNonAddedStudent" classname="com.thoughtworks.repository.StudentRepositoryTest" time="0.0"/>
  <system-out><![CDATA[ Count: 1
 Count: 1
]]></system-out>
  <system-err><![CDATA[]]></system-err>
</testsuite>
