<?xml version="1.0" encoding="UTF-8"?>
<testsuite name="com.thoughtworks.StudentServiceTest" tests="2" skipped="0" failures="0" errors="0" timestamp="2015-11-03T10:46:01" hostname="INKomalahl.local" time="0.329">
  <properties/>
  <testcase name="getHelloInHTML" classname="com.thoughtworks.StudentServiceTest" time="0.261"/>
  <testcase name="shouldBeAbleToAddStudent" classname="com.thoughtworks.StudentServiceTest" time="0.067"/>
  <system-out><![CDATA[]]></system-out>
  <system-err><![CDATA[]]></system-err>
</testsuite>
