<?xml version="1.0" encoding="UTF-8"?>
<testsuite name="com.thoughtworks.StudentServiceTest" tests="1" skipped="0" failures="0" errors="0" timestamp="2015-11-02T10:08:01" hostname="INKomalahl.local" time="0.159">
  <properties/>
  <testcase name="getHelloInHTML" classname="com.thoughtworks.StudentServiceTest" time="0.159"/>
  <system-out><![CDATA[]]></system-out>
  <system-err><![CDATA[]]></system-err>
</testsuite>
