<?xml version="1.0" encoding="UTF-8"?>
<testsuite name="com.thoughtworks.StudentServiceTest" tests="2" skipped="0" failures="0" errors="0" timestamp="2015-11-04T07:12:27" hostname="INKomalahl.local" time="0.338">
  <properties/>
  <testcase name="getHelloInHTML" classname="com.thoughtworks.StudentServiceTest" time="0.237"/>
  <testcase name="shouldBeAbleToAddStudent" classname="com.thoughtworks.StudentServiceTest" time="0.1"/>
  <system-out><![CDATA[{"id":1,"name":{"fName":"A","lName":"B"}}
]]></system-out>
  <system-err><![CDATA[]]></system-err>
</testsuite>
