<?xml version="1.0" encoding="UTF-8"?>
<testsuite name="com.thoughtworks.repository.StudentRepositoryTest" tests="2" skipped="0" failures="0" errors="0" timestamp="2015-11-03T10:46:01" hostname="INKomalahl.local" time="0.003">
  <properties/>
  <testcase name="shouldBeAbleToSearchStudentByID" classname="com.thoughtworks.repository.StudentRepositoryTest" time="0.002"/>
  <testcase name="shouldBeAbleToThrowAnErrorWhileSearchingNonAddedStudent" classname="com.thoughtworks.repository.StudentRepositoryTest" time="0.0"/>
  <system-out><![CDATA[]]></system-out>
  <system-err><![CDATA[]]></system-err>
</testsuite>
